[1.327s] Invoking command in '/home/atsuki/simulation/ros2_ws/src/mypkg': DEBUGINFOD_URLS=https://debuginfod.ubuntu.com PYTHONPATH=/home/atsuki/simulation/ros2_ws/build/mypkg/prefix_override:/usr/lib/python3/dist-packages/colcon_core/task/python/colcon_distutils_commands:/home/atsuki/simulation/ros2_ws/install/mypkg/lib/python3.12/site-packages:${PYTHONPATH} /usr/bin/python3 -W ignore:setup.py install is deprecated -W ignore:easy_install command is deprecated setup.py egg_info --egg-base ../../build/mypkg build --build-base /home/atsuki/simulation/ros2_ws/build/mypkg/build install --record /home/atsuki/simulation/ros2_ws/build/mypkg/install.log --single-version-externally-managed install_data
[1.538s] running egg_info
[1.538s] creating ../../build/mypkg/mypkg.egg-info
[1.551s] writing ../../build/mypkg/mypkg.egg-info/PKG-INFO
[1.551s] writing dependency_links to ../../build/mypkg/mypkg.egg-info/dependency_links.txt
[1.551s] writing requirements to ../../build/mypkg/mypkg.egg-info/requires.txt
[1.551s] writing top-level names to ../../build/mypkg/mypkg.egg-info/top_level.txt
[1.551s] writing manifest file '../../build/mypkg/mypkg.egg-info/SOURCES.txt'
[1.576s] reading manifest file '../../build/mypkg/mypkg.egg-info/SOURCES.txt'
[1.577s] writing manifest file '../../build/mypkg/mypkg.egg-info/SOURCES.txt'
[1.577s] running build
[1.577s] running build_py
[1.578s] creating /home/atsuki/simulation/ros2_ws/build/mypkg/build
[1.578s] creating /home/atsuki/simulation/ros2_ws/build/mypkg/build/lib
[1.578s] creating /home/atsuki/simulation/ros2_ws/build/mypkg/build/lib/mypkg
[1.578s] copying mypkg/__init__.py -> /home/atsuki/simulation/ros2_ws/build/mypkg/build/lib/mypkg
[1.578s] running install
[1.584s] running install_lib
[1.597s] creating /home/atsuki/simulation/ros2_ws/install/mypkg/lib/python3.12/site-packages/mypkg
[1.597s] copying /home/atsuki/simulation/ros2_ws/build/mypkg/build/lib/mypkg/__init__.py -> /home/atsuki/simulation/ros2_ws/install/mypkg/lib/python3.12/site-packages/mypkg
[1.597s] byte-compiling /home/atsuki/simulation/ros2_ws/install/mypkg/lib/python3.12/site-packages/mypkg/__init__.py to __init__.cpython-312.pyc
[1.598s] running install_data
[1.598s] creating /home/atsuki/simulation/ros2_ws/install/mypkg/share/ament_index
[1.598s] creating /home/atsuki/simulation/ros2_ws/install/mypkg/share/ament_index/resource_index
[1.598s] creating /home/atsuki/simulation/ros2_ws/install/mypkg/share/ament_index/resource_index/packages
[1.598s] copying resource/mypkg -> /home/atsuki/simulation/ros2_ws/install/mypkg/share/ament_index/resource_index/packages
[1.598s] copying package.xml -> /home/atsuki/simulation/ros2_ws/install/mypkg/share/mypkg
[1.598s] running install_egg_info
[1.612s] Copying ../../build/mypkg/mypkg.egg-info to /home/atsuki/simulation/ros2_ws/install/mypkg/lib/python3.12/site-packages/mypkg-0.0.0-py3.12.egg-info
[1.613s] running install_scripts
[1.737s] writing list of installed files to '/home/atsuki/simulation/ros2_ws/build/mypkg/install.log'
[1.760s] Invoked command in '/home/atsuki/simulation/ros2_ws/src/mypkg' returned '0': DEBUGINFOD_URLS=https://debuginfod.ubuntu.com PYTHONPATH=/home/atsuki/simulation/ros2_ws/build/mypkg/prefix_override:/usr/lib/python3/dist-packages/colcon_core/task/python/colcon_distutils_commands:/home/atsuki/simulation/ros2_ws/install/mypkg/lib/python3.12/site-packages:${PYTHONPATH} /usr/bin/python3 -W ignore:setup.py install is deprecated -W ignore:easy_install command is deprecated setup.py egg_info --egg-base ../../build/mypkg build --build-base /home/atsuki/simulation/ros2_ws/build/mypkg/build install --record /home/atsuki/simulation/ros2_ws/build/mypkg/install.log --single-version-externally-managed install_data
